Vivado Simulator v2024.2.0
Copyright 1986-2022 Xilinx, Inc. All Rights Reserved.
Copyright 2022-2024 Advanced Micro Devices, Inc. All Rights Reserved.
Running: /tools/Xilinx/Vivado/2024.2/bin/unwrapped/lnx64.o/xelab --incr --debug typical --relax --mt 8 -L xil_defaultlib -L unisims_ver -L unimacro_ver -L secureip --snapshot load_word_tb_behav xil_defaultlib.load_word_tb xil_defaultlib.glbl -log elaborate.log 
Using 8 slave threads.
Starting static elaboration
Pass Through NonSizing Optimizer
WARNING: [VRFC 10-3091] actual bit length 32 differs from formal bit length 10 for port 'r_addr' [/home/szymon/Documents/ISAE/research_project/implemnetations/riscv_single_core/rv32i_sc.srcs/sim_1/new/load_word_tb.v:69]
WARNING: [VRFC 10-3091] actual bit length 32 differs from formal bit length 10 for port 'r_addr' [/home/szymon/Documents/ISAE/research_project/implemnetations/riscv_single_core/rv32i_sc.srcs/sim_1/new/load_word_tb.v:173]
Completed static elaboration
Starting simulation data flow analysis
Completed simulation data flow analysis
Time Resolution for simulation is 1ps
Compiling module xil_defaultlib.pc
Compiling module xil_defaultlib.bram32
Compiling module xil_defaultlib.control
Compiling module xil_defaultlib.register_file
Compiling module xil_defaultlib.sign_extend
Compiling module xil_defaultlib.alu
Compiling module xil_defaultlib.load_word_tb
Compiling module xil_defaultlib.glbl
Built simulation snapshot load_word_tb_behav
