Time resolution is 1 ps
Time=10000 | write=0 | read=0 
| w_add=000 | r_add=000 
 | busy_w=0 | busy_r=0 | instr=00000000
Test 1: PASS- all values reset
Test 2: Loading 4 instructions from .hex file
Time=30000 | write=1 | read=0 
| w_add=000 | r_add=000 
 | busy_w=0 | busy_r=1 | instr=00000000
Test 2: Write to address 000 failed, busy_w=0, busy_r=1
Time=40000 | write=1 | read=0 
| w_add=001 | r_add=000 
 | busy_w=0 | busy_r=1 | instr=00000000
Test 2: Write to address 001 failed, busy_w=0, busy_r=1
Time=50000 | write=1 | read=0 
| w_add=002 | r_add=000 
 | busy_w=0 | busy_r=1 | instr=00000000
Test 2: Write to address 002 failed, busy_w=0, busy_r=1
Time=60000 | write=1 | read=0 
| w_add=003 | r_add=000 
 | busy_w=0 | busy_r=1 | instr=00000000
Test 2: Write to address 003 failed, busy_w=0, busy_r=1
Test 3: Verifying written data
Time=80000 | write=0 | read=1 
| w_add=003 | r_add=000 
 | busy_w=0 | busy_r=1 | instr=00000000
Time=90000 | write=0 | read=1 
| w_add=003 | r_add=001 
 | busy_w=0 | busy_r=1 | instr=xxxxxxxx
Test 3: Read from address 00000000 failed, expected 00500093, got xxxxxxxx
Time=100000 | write=0 | read=1 
| w_add=003 | r_add=002 
 | busy_w=0 | busy_r=1 | instr=xxxxxxxx
Test 3: Read from address 00000001 failed, expected 00600113, got xxxxxxxx
Time=110000 | write=0 | read=1 
| w_add=003 | r_add=003 
 | busy_w=0 | busy_r=1 | instr=xxxxxxxx
Test 3: Read from address 00000002 failed, expected 002081b3, got xxxxxxxx
Time=120000 | write=0 | read=1 
| w_add=003 | r_add=004 
 | busy_w=0 | busy_r=1 | instr=xxxxxxxx
Test 3: Read from address 00000003 failed, expected 0000006f, got xxxxxxxx
All tests completed
$finish called at time : 130 ns : File "/home/szymon/Documents/ISAE/research_project/implemnetations/riscv_single_core/rv32i_sc.srcs/sim_1/new/bram32_tb.v" Line 183
